<?xml version="1.0" encoding="UTF-8"?>
<!-- Generated by org.testng.reporters.JUnitReportReporter -->
<testsuite hostname="LAPTOP-73S0TF9M" failures="0" tests="4" name="Tests.LoginTest" time="38.289" errors="0" timestamp="2024-08-17T14:18:19 IST" skipped="0">
  <testcase classname="Tests.LoginTest" name="InvalidLogin" time="8.662"/>
  <system-out/>
  <testcase classname="Tests.LoginTest" name="InvalidLogin" time="8.886"/>
  <system-out/>
  <testcase classname="Tests.LoginTest" name="InvalidLogin" time="8.960"/>
  <system-out/>
  <testcase classname="Tests.LoginTest" name="InvalidLogin" time="11.781"/>
  <system-out/>
</testsuite> <!-- Tests.LoginTest -->
