<?xml version="1.0" encoding="UTF-8"?>
<!-- Generated by org.testng.reporters.JUnitReportReporter -->
<testsuite hostname="LAPTOP-73S0TF9M" failures="0" tests="4" name="Tests.LoginTest" time="37.904" errors="0" timestamp="2024-07-21T00:32:55 IST" skipped="0">
  <testcase classname="Tests.LoginTest" name="testInvalidLogins" time="9.232"/>
  <testcase classname="Tests.LoginTest" name="testInvalidLogins" time="10.947"/>
  <testcase classname="Tests.LoginTest" name="testInvalidLogins" time="8.808"/>
  <testcase classname="Tests.LoginTest" name="testInvalidLogins" time="8.917"/>
</testsuite> <!-- Tests.LoginTest -->
