<?xml version="1.0" encoding="UTF-8"?>
<!-- Generated by org.testng.reporters.JUnitReportReporter -->
<testsuite hostname="LAPTOP-73S0TF9M" failures="0" tests="4" name="Tests.LoginTest" time="39.198" errors="0" timestamp="2024-08-17T14:22:08 IST" skipped="0">
  <testcase classname="Tests.LoginTest" name="InvalidLogin" time="7.554"/>
  <system-out/>
  <testcase classname="Tests.LoginTest" name="InvalidLogin" time="12.371"/>
  <system-out/>
  <testcase classname="Tests.LoginTest" name="InvalidLogin" time="9.910"/>
  <system-out/>
  <testcase classname="Tests.LoginTest" name="InvalidLogin" time="9.363"/>
  <system-out/>
</testsuite> <!-- Tests.LoginTest -->
