<?xml version="1.0" encoding="UTF-8"?>
<!-- Generated by org.testng.reporters.JUnitReportReporter -->
<testsuite hostname="LAPTOP-73S0TF9M" failures="0" tests="3" name="Tests.LoginTest" time="28.701" errors="0" timestamp="2024-07-20T17:40:34 IST" skipped="0">
  <testcase classname="Tests.LoginTest" name="testInvalidLogins" time="5.786"/>
  <testcase classname="Tests.LoginTest" name="testInvalidLogins" time="12.649"/>
  <testcase classname="Tests.LoginTest" name="testInvalidLogins" time="10.266"/>
</testsuite> <!-- Tests.LoginTest -->
